TN:
SF:src/controllers/GameController.ts
FN:7,(anonymous_0)
FN:12,(anonymous_1)
FN:22,(anonymous_2)
FN:35,(anonymous_3)
FN:46,(anonymous_4)
FN:57,(anonymous_5)
FN:67,(anonymous_6)
FN:78,(anonymous_7)
FN:89,(anonymous_8)
FN:99,(anonymous_9)
FN:110,(anonymous_10)
FN:121,(anonymous_11)
FN:132,(anonymous_12)
FNF:13
FNH:13
FNDA:1,(anonymous_0)
FNDA:19,(anonymous_1)
FNDA:12,(anonymous_2)
FNDA:19,(anonymous_3)
FNDA:2,(anonymous_4)
FNDA:12,(anonymous_5)
FNDA:6,(anonymous_6)
FNDA:4,(anonymous_7)
FNDA:1,(anonymous_8)
FNDA:1,(anonymous_9)
FNDA:3,(anonymous_10)
FNDA:3,(anonymous_11)
FNDA:1,(anonymous_12)
DA:2,1
DA:4,1
DA:8,1
DA:12,1
DA:13,19
DA:14,19
DA:15,19
DA:16,19
DA:18,0
DA:22,1
DA:23,12
DA:24,12
DA:25,12
DA:26,12
DA:27,2
DA:29,10
DA:31,0
DA:35,1
DA:36,19
DA:37,19
DA:38,19
DA:39,19
DA:40,16
DA:42,3
DA:46,1
DA:47,2
DA:48,2
DA:49,2
DA:50,1
DA:52,1
DA:57,1
DA:58,12
DA:59,12
DA:60,12
DA:61,10
DA:63,2
DA:67,1
DA:68,6
DA:69,6
DA:70,6
DA:71,6
DA:72,5
DA:74,1
DA:78,1
DA:79,4
DA:80,4
DA:81,4
DA:82,4
DA:83,4
DA:85,0
DA:89,1
DA:90,1
DA:91,1
DA:92,1
DA:93,1
DA:95,0
DA:99,1
DA:100,1
DA:101,1
DA:102,1
DA:103,1
DA:104,1
DA:106,0
DA:110,1
DA:111,3
DA:112,3
DA:113,3
DA:114,3
DA:115,3
DA:117,0
DA:121,1
DA:122,3
DA:123,3
DA:124,3
DA:125,3
DA:126,3
DA:128,0
DA:132,1
DA:133,1
DA:134,1
DA:135,1
DA:136,1
DA:138,0
LF:83
LH:75
BRDA:26,0,0,2
BRDA:26,0,1,10
BRF:2
BRH:2
end_of_record
TN:
SF:src/routes/gameRoutes.ts
FNF:0
FNH:0
DA:1,1
DA:2,1
DA:4,1
DA:5,1
DA:8,1
DA:9,1
DA:10,1
DA:11,1
DA:14,1
DA:15,1
DA:16,1
DA:17,1
DA:18,1
DA:19,1
DA:20,1
DA:21,1
DA:23,1
LF:17
LH:17
BRF:0
BRH:0
end_of_record
TN:
SF:src/services/GameService.ts
FN:5,(anonymous_0)
FN:9,(anonymous_1)
FN:50,(anonymous_2)
FN:54,(anonymous_3)
FN:83,(anonymous_4)
FN:91,(anonymous_5)
FN:107,(anonymous_6)
FN:127,(anonymous_7)
FN:138,(anonymous_8)
FN:149,(anonymous_9)
FN:160,(anonymous_10)
FN:171,(anonymous_11)
FN:182,(anonymous_12)
FNF:13
FNH:13
FNDA:1,(anonymous_0)
FNDA:19,(anonymous_1)
FNDA:12,(anonymous_2)
FNDA:19,(anonymous_3)
FNDA:2,(anonymous_4)
FNDA:12,(anonymous_5)
FNDA:6,(anonymous_6)
FNDA:4,(anonymous_7)
FNDA:1,(anonymous_8)
FNDA:1,(anonymous_9)
FNDA:3,(anonymous_10)
FNDA:3,(anonymous_11)
FNDA:1,(anonymous_12)
DA:2,1
DA:3,1
DA:5,1
DA:6,1
DA:10,19
DA:11,19
DA:13,19
DA:14,19
DA:21,19
DA:46,19
DA:47,19
DA:51,12
DA:55,19
DA:56,19
DA:57,1
DA:60,18
DA:61,1
DA:64,17
DA:65,1
DA:68,16
DA:69,16
DA:70,16
DA:77,16
DA:78,16
DA:80,16
DA:84,2
DA:85,2
DA:86,1
DA:92,12
DA:93,12
DA:94,1
DA:97,11
DA:98,1
DA:101,10
DA:102,10
DA:104,10
DA:108,6
DA:109,6
DA:110,0
DA:113,6
DA:114,1
DA:117,5
DA:118,0
DA:123,5
DA:124,5
DA:128,4
DA:129,4
DA:130,0
DA:134,4
DA:135,4
DA:139,1
DA:140,1
DA:141,0
DA:145,1
DA:146,1
DA:150,1
DA:151,1
DA:152,0
DA:156,1
DA:157,1
DA:161,3
DA:162,3
DA:163,0
DA:167,3
DA:168,3
DA:172,3
DA:173,3
DA:174,0
DA:178,3
DA:179,3
DA:183,1
DA:184,1
DA:185,0
DA:189,1
DA:190,1
LF:75
LH:67
BRDA:51,0,0,12
BRDA:51,0,1,2
BRDA:56,1,0,1
BRDA:56,1,1,18
BRDA:60,2,0,1
BRDA:60,2,1,17
BRDA:64,3,0,1
BRDA:64,3,1,16
BRDA:85,4,0,1
BRDA:85,4,1,1
BRDA:93,5,0,1
BRDA:93,5,1,11
BRDA:97,6,0,1
BRDA:97,6,1,10
BRDA:109,7,0,0
BRDA:109,7,1,6
BRDA:113,8,0,1
BRDA:113,8,1,5
BRDA:117,9,0,0
BRDA:117,9,1,5
BRDA:129,10,0,0
BRDA:129,10,1,4
BRDA:140,11,0,0
BRDA:140,11,1,1
BRDA:151,12,0,0
BRDA:151,12,1,1
BRDA:162,13,0,0
BRDA:162,13,1,3
BRDA:173,14,0,0
BRDA:173,14,1,3
BRDA:184,15,0,0
BRDA:184,15,1,1
BRF:32
BRH:24
end_of_record
TN:
SF:src/utils/gameSetup.ts
FN:76,createInitialDeck
FN:80,createStartingHand
FNF:2
FNH:2
FNDA:19,createInitialDeck
FNDA:35,createStartingHand
DA:4,1
DA:67,1
DA:76,1
DA:77,19
DA:80,1
DA:81,35
LF:6
LH:6
BRF:0
BRH:0
end_of_record
TN:
SF:src/utils/idGenerator.ts
FN:1,generateId
FNF:1
FNH:1
FNDA:54,generateId
DA:1,1
DA:2,54
LF:2
LH:2
BRF:0
BRH:0
end_of_record
